2024-12-08 20:52:44,391 - INFO - Local SQLite database setup completed.
2024-12-08 20:53:05,623 - INFO - Camera 2 initialized with resolution 1280x720.
2024-12-08 20:53:08,913 - INFO - User recognized: Lakshya
2024-12-08 20:53:32,839 - INFO - Stop requested for ExerciseWorker.
2024-12-08 20:59:34,647 - INFO - Camera 2 initialized with resolution 1280x720.
2024-12-08 20:59:36,538 - INFO - User recognized: Lakshya
2024-12-08 21:01:23,867 - INFO - Stop requested for ExerciseWorker.
2024-12-08 21:01:34,847 - INFO - Camera 2 initialized with resolution 1280x720.
2024-12-08 21:01:42,382 - INFO - User recognized: Lakshya
2024-12-08 21:01:42,383 - INFO - Starting exercise analysis for user: Lakshya
2024-12-08 21:16:11,235 - INFO - Stop requested for ExerciseWorker.
2024-12-08 21:16:19,294 - INFO - Local SQLite database setup completed.
2024-12-08 21:18:35,046 - INFO - Local SQLite database setup completed.
2024-12-08 21:18:50,620 - INFO - Camera 2 initialized with resolution 1280x720.
2024-12-08 21:18:52,383 - INFO - User recognized: Lakshya
2024-12-08 21:23:04,954 - INFO - Stop requested for ExerciseWorker.
2024-12-08 21:23:13,553 - INFO - Local SQLite database setup completed.
2024-12-08 21:23:20,094 - INFO - Deleted member Lakshya from local DB.
2024-12-08 21:23:37,158 - INFO - Camera 2 initialized with resolution 1280x720.
2024-12-08 21:23:46,602 - INFO - Stable unknown user detected.
2024-12-08 21:23:56,790 - INFO - Started capturing face data for new user: Lakshya
2024-12-08 21:23:56,805 - INFO - Inserted member Lakshya into local DB.
2024-12-08 21:24:13,119 - INFO - Registering new user: Lakshya
2024-12-08 21:24:13,390 - ERROR - Failed to register user Lakshya.
2024-12-08 21:24:14,531 - INFO - User recognized: Lakshya
2024-12-08 21:24:14,532 - INFO - Local SQLite database setup completed.
2024-12-08 21:24:14,540 - INFO - Starting exercise analysis for user: Lakshya
2024-12-08 21:27:11,169 - INFO - Stop requested for ExerciseWorker.
2024-12-08 21:27:21,962 - INFO - Connected to MongoDB.
2024-12-08 21:27:22,070 - INFO - Local SQLite database setup completed.
2024-12-08 21:27:32,031 - INFO - Camera 2 initialized with resolution 1280x720.
2024-12-08 21:27:32,885 - ERROR - Failed to capture frame from camera.
2024-12-08 21:27:40,321 - INFO - Stop requested for ExerciseWorker.
2024-12-08 21:27:41,748 - INFO - Camera 2 initialized with resolution 1280x720.
2024-12-08 21:27:42,422 - ERROR - Failed to capture frame from camera.
2024-12-08 21:27:46,527 - INFO - Stop requested for ExerciseWorker.
2024-12-08 21:27:50,919 - INFO - Camera 2 initialized with resolution 1280x720.
2024-12-08 21:27:51,659 - ERROR - Failed to capture frame from camera.
2024-12-08 21:27:54,559 - INFO - Stop requested for ExerciseWorker.
2024-12-08 21:28:31,591 - INFO - Connected to MongoDB.
2024-12-08 21:28:31,707 - INFO - Local SQLite database setup completed.
2024-12-08 21:28:34,927 - INFO - Camera 2 initialized with resolution 1280x720.
2024-12-08 21:28:38,205 - INFO - User recognized: Lakshya
2024-12-08 21:28:38,206 - INFO - Local SQLite database setup completed.
2024-12-08 21:28:38,206 - INFO - Starting exercise analysis for user: Lakshya
2024-12-08 21:29:01,015 - INFO - Stop requested for ExerciseWorker.
2024-12-08 21:29:10,305 - INFO - Connected to MongoDB.
2024-12-08 21:29:10,417 - INFO - Local SQLite database setup completed.
2024-12-08 21:29:13,024 - INFO - Camera 2 initialized with resolution 1280x720.
2024-12-08 21:29:14,769 - INFO - User recognized: Lakshya
2024-12-08 21:29:14,770 - INFO - Local SQLite database setup completed.
2024-12-08 21:29:14,771 - INFO - Starting exercise analysis for user: Lakshya
2024-12-08 21:29:44,479 - INFO - Person exited the frame. Updating database.
2024-12-08 21:29:44,484 - INFO - Inserted exercise data for user 2263ebcf-4f9c-4c76-a128-9e10022fb325 into local DB.
2024-12-08 21:29:44,484 - INFO - Exercise data saved locally.
2024-12-08 21:29:46,532 - INFO - Stop requested for ExerciseWorker.
2024-12-08 21:36:02,307 - INFO - Local SQLite database setup completed.
2024-12-08 21:36:06,962 - INFO - Camera 2 initialized with resolution 1280x720.
2024-12-08 21:36:12,311 - INFO - User recognized: Lakshya
2024-12-08 21:36:12,312 - INFO - Local SQLite database setup completed.
2024-12-08 21:36:12,312 - INFO - Starting exercise analysis for user: Lakshya
2024-12-08 21:36:43,735 - INFO - Person exited the frame. Updating database.
2024-12-08 21:36:43,741 - INFO - Inserted exercise data for user 2263ebcf-4f9c-4c76-a128-9e10022fb325 into local DB.
2024-12-08 21:36:43,741 - INFO - Exercise data saved locally.
2024-12-08 21:36:46,976 - INFO - Stop requested for ExerciseWorker.
2024-12-08 21:40:21,035 - INFO - Closed thread-local SQLite connection.
2024-12-08 21:40:30,279 - INFO - Local SQLite database setup completed.
2024-12-08 21:40:34,615 - INFO - Camera 2 initialized with resolution 1280x720.
2024-12-08 21:40:36,314 - INFO - User recognized: Lakshya
2024-12-08 21:40:36,316 - INFO - Local SQLite database setup completed.
2024-12-08 21:40:36,316 - INFO - Starting exercise analysis for user: Lakshya
2024-12-08 21:41:03,704 - INFO - Person exited the frame. Updating database.
2024-12-08 21:41:03,712 - INFO - Inserted exercise data for user 2263ebcf-4f9c-4c76-a128-9e10022fb325 into local DB.
2024-12-08 21:41:03,713 - INFO - Exercise data saved locally.
2024-12-08 21:41:04,603 - INFO - Stop requested for ExerciseWorker.
2024-12-08 21:43:00,584 - INFO - Closed thread-local SQLite connection.
2024-12-08 21:43:09,449 - INFO - Local SQLite database setup completed.
2024-12-08 21:43:13,428 - INFO - Camera 2 initialized with resolution 1280x720.
2024-12-08 21:43:15,182 - INFO - User recognized: Lakshya
2024-12-08 21:43:15,183 - INFO - Local SQLite database setup completed.
2024-12-08 21:43:15,184 - INFO - Starting exercise analysis for user: Lakshya
2024-12-08 21:43:30,671 - INFO - Person exited the frame. Updating database.
2024-12-08 21:43:30,677 - INFO - Inserted exercise data for user 2263ebcf-4f9c-4c76-a128-9e10022fb325 into local DB.
2024-12-08 21:43:30,677 - INFO - Exercise data saved locally.
2024-12-08 21:43:32,657 - INFO - Stop requested for ExerciseWorker.
2024-12-08 21:53:20,637 - INFO - Closed thread-local SQLite connection.
2024-12-08 21:53:41,186 - INFO - Local SQLite database setup completed.
2024-12-08 21:55:27,037 - INFO - Closed thread-local SQLite connection.
2024-12-08 22:08:40,567 - INFO - Local SQLite database setup completed.
2024-12-08 22:09:00,328 - ERROR - Could not open camera 2.
2024-12-08 22:09:14,440 - INFO - Stop requested for ExerciseWorker.
2024-12-08 22:09:15,697 - INFO - Camera 2 initialized with resolution 1280x720.
2024-12-08 22:09:17,447 - INFO - User recognized: Lakshya
2024-12-08 22:09:17,448 - INFO - Local SQLite database setup completed.
2024-12-08 22:09:17,449 - INFO - Starting exercise analysis for user: Lakshya
2024-12-08 22:09:51,203 - INFO - Person exited the frame. Updating database.
2024-12-08 22:09:51,210 - INFO - Inserted exercise data for user 2263ebcf-4f9c-4c76-a128-9e10022fb325 into local DB.
2024-12-08 22:09:51,210 - INFO - Exercise data saved locally.
2024-12-08 22:09:54,144 - INFO - Stop requested for ExerciseWorker.
2024-12-08 22:10:16,494 - INFO - Closed thread-local SQLite connection.
2024-12-08 22:13:52,390 - INFO - Local SQLite database setup completed.
2024-12-08 22:23:08,707 - INFO - Closed thread-local SQLite connection.
2024-12-08 22:23:14,590 - INFO - Local SQLite database setup completed.
2024-12-08 22:30:12,993 - INFO - Closed thread-local SQLite connection.
2024-12-08 22:30:23,001 - INFO - Local SQLite database setup completed.
2024-12-08 22:32:09,942 - INFO - Closed thread-local SQLite connection.
2024-12-08 22:32:16,675 - INFO - Local SQLite database setup completed.
2024-12-08 22:37:20,767 - INFO - Closed thread-local SQLite connection.
2024-12-08 22:37:27,307 - INFO - Local SQLite database setup completed.
2024-12-08 22:37:34,163 - INFO - Closed thread-local SQLite connection.
2024-12-08 22:37:57,734 - INFO - Local SQLite database setup completed.
2024-12-08 22:38:27,088 - INFO - Camera 2 initialized with resolution 1280x720.
2024-12-08 22:38:27,131 - INFO - Camera 0 initialized with resolution 1280x720.
2024-12-08 22:38:39,008 - INFO - Stop requested for ExerciseWorker.
2024-12-08 22:38:41,543 - INFO - Stop requested for ExerciseWorker.
2024-12-08 22:42:20,761 - INFO - Closed thread-local SQLite connection.
2024-12-09 01:53:12,132 - INFO - Local SQLite database setup completed.
2024-12-09 01:55:43,091 - INFO - Camera 2 initialized with resolution 1280x720.
2024-12-09 01:55:43,170 - INFO - Camera 0 initialized with resolution 1280x720.
2024-12-09 01:55:50,082 - INFO - User recognized: Lakshya
2024-12-09 01:55:50,083 - INFO - Local SQLite database setup completed.
2024-12-09 01:55:50,083 - INFO - Starting exercise analysis for user: Lakshya
2024-12-09 01:56:17,189 - INFO - Stop requested for ExerciseWorker.
2024-12-09 01:56:31,963 - INFO - Stop requested for ExerciseWorker.
2024-12-09 01:57:05,216 - INFO - Closed thread-local SQLite connection.
2024-12-10 18:27:08,198 - INFO - Local SQLite database setup completed.
2024-12-10 18:27:39,904 - INFO - Camera 2 initialized with resolution 1280x720.
2024-12-10 18:27:45,840 - INFO - User recognized: Lakshya
2024-12-10 18:27:45,840 - INFO - Local SQLite database setup completed.
2024-12-10 18:27:45,841 - INFO - Starting exercise analysis for user: Lakshya
2024-12-10 18:28:05,611 - INFO - Person exited the frame. Updating database.
2024-12-10 18:28:05,617 - INFO - Inserted exercise data for user 2263ebcf-4f9c-4c76-a128-9e10022fb325 into local DB.
2024-12-10 18:28:05,617 - ERROR - IntegrityError while inserting exercise data: UNIQUE constraint failed: exercise_data.id
2024-12-10 18:28:05,617 - ERROR - Failed to save exercise data locally.
2024-12-10 18:29:11,027 - INFO - Stop requested for ExerciseWorker.
2024-12-10 18:29:12,036 - INFO - Camera 2 initialized with resolution 1280x720.
2024-12-10 18:29:15,169 - INFO - User recognized: Lakshya
2024-12-10 18:29:15,170 - INFO - Local SQLite database setup completed.
2024-12-10 18:29:15,170 - INFO - Starting exercise analysis for user: Lakshya
2024-12-10 18:30:14,710 - INFO - Stop requested for ExerciseWorker.
2024-12-10 18:37:59,903 - INFO - Closed thread-local SQLite connection.
2024-12-10 18:53:59,302 - INFO - Local SQLite database setup completed.
2024-12-10 18:54:15,825 - INFO - Camera 2 initialized with resolution 1280x720.
2024-12-10 18:54:20,494 - INFO - User recognized: Lakshya
2024-12-10 18:54:20,495 - INFO - Local SQLite database setup completed.
2024-12-10 18:54:20,496 - INFO - Starting exercise analysis for user: Lakshya
2024-12-10 18:54:32,150 - INFO - Person exited the frame. Updating database.
2024-12-10 18:54:32,156 - INFO - Inserted exercise data for user 2263ebcf-4f9c-4c76-a128-9e10022fb325 into local DB.
2024-12-10 18:54:32,156 - ERROR - IntegrityError while inserting exercise data: UNIQUE constraint failed: exercise_data.id
2024-12-10 18:54:32,156 - ERROR - Failed to save exercise data locally.
2024-12-10 18:54:59,704 - INFO - Stop requested for ExerciseWorker.
2024-12-10 18:55:01,228 - INFO - Camera 2 initialized with resolution 1280x720.
2024-12-10 18:55:03,396 - INFO - User recognized: Lakshya
2024-12-10 18:55:03,396 - INFO - Local SQLite database setup completed.
2024-12-10 18:55:03,397 - INFO - Starting exercise analysis for user: Lakshya
2024-12-10 18:55:08,263 - INFO - Person exited the frame. Updating database.
2024-12-10 18:55:08,268 - INFO - Inserted exercise data for user 2263ebcf-4f9c-4c76-a128-9e10022fb325 into local DB.
2024-12-10 18:55:08,269 - ERROR - IntegrityError while inserting exercise data: UNIQUE constraint failed: exercise_data.id
2024-12-10 18:55:08,269 - ERROR - Failed to save exercise data locally.
2024-12-10 18:55:31,633 - INFO - Stop requested for ExerciseWorker.
2024-12-10 18:55:32,814 - INFO - Camera 2 initialized with resolution 1280x720.
2024-12-10 18:55:41,387 - INFO - User recognized: Lakshya
2024-12-10 18:55:41,387 - INFO - Local SQLite database setup completed.
2024-12-10 18:55:41,388 - INFO - Starting exercise analysis for user: Lakshya
2024-12-10 18:55:48,145 - INFO - Person exited the frame. Updating database.
2024-12-10 18:55:48,151 - INFO - Inserted exercise data for user 2263ebcf-4f9c-4c76-a128-9e10022fb325 into local DB.
2024-12-10 18:55:48,151 - ERROR - IntegrityError while inserting exercise data: UNIQUE constraint failed: exercise_data.id
2024-12-10 18:55:48,151 - ERROR - Failed to save exercise data locally.
2024-12-10 18:55:55,350 - INFO - Stop requested for ExerciseWorker.
2024-12-10 18:55:58,589 - INFO - Camera 2 initialized with resolution 1280x720.
2024-12-10 18:56:03,664 - INFO - User recognized: Lakshya
2024-12-10 18:56:03,664 - INFO - Local SQLite database setup completed.
2024-12-10 18:56:03,665 - INFO - Starting exercise analysis for user: Lakshya
2024-12-10 18:56:14,822 - INFO - Person exited the frame. Updating database.
2024-12-10 18:56:14,837 - INFO - Inserted exercise data for user 2263ebcf-4f9c-4c76-a128-9e10022fb325 into local DB.
2024-12-10 18:56:14,837 - ERROR - IntegrityError while inserting exercise data: UNIQUE constraint failed: exercise_data.id
2024-12-10 18:56:14,837 - ERROR - Failed to save exercise data locally.
2024-12-10 18:56:30,718 - INFO - Stop requested for ExerciseWorker.
2024-12-10 18:56:32,235 - INFO - Camera 2 initialized with resolution 1280x720.
2024-12-10 18:56:43,201 - INFO - User recognized: Lakshya
2024-12-10 18:56:43,202 - INFO - Local SQLite database setup completed.
2024-12-10 18:56:43,202 - INFO - Starting exercise analysis for user: Lakshya
2024-12-10 18:56:49,271 - INFO - Person exited the frame. Updating database.
2024-12-10 18:56:49,276 - INFO - Inserted exercise data for user 2263ebcf-4f9c-4c76-a128-9e10022fb325 into local DB.
2024-12-10 18:56:49,277 - ERROR - IntegrityError while inserting exercise data: UNIQUE constraint failed: exercise_data.id
2024-12-10 18:56:49,277 - ERROR - Failed to save exercise data locally.
2024-12-10 18:57:12,433 - INFO - Stop requested for ExerciseWorker.
2024-12-10 18:57:13,665 - INFO - Camera 2 initialized with resolution 1280x720.
2024-12-10 18:57:18,936 - INFO - User recognized: Lakshya
2024-12-10 18:57:18,937 - INFO - Local SQLite database setup completed.
2024-12-10 18:57:18,938 - INFO - Starting exercise analysis for user: Lakshya
2024-12-10 18:58:00,996 - INFO - Person exited the frame. Updating database.
2024-12-10 18:58:01,002 - INFO - Inserted exercise data for user 2263ebcf-4f9c-4c76-a128-9e10022fb325 into local DB.
2024-12-10 18:58:01,003 - ERROR - IntegrityError while inserting exercise data: UNIQUE constraint failed: exercise_data.id
2024-12-10 18:58:01,003 - ERROR - Failed to save exercise data locally.
2024-12-10 18:58:16,902 - INFO - Stop requested for ExerciseWorker.
2024-12-10 18:58:18,120 - INFO - Camera 2 initialized with resolution 1280x720.
2024-12-10 18:58:26,531 - INFO - User recognized: Lakshya
2024-12-10 18:58:26,532 - INFO - Local SQLite database setup completed.
2024-12-10 18:58:26,532 - INFO - Starting exercise analysis for user: Lakshya
2024-12-10 18:58:51,405 - INFO - Person exited the frame. Updating database.
2024-12-10 18:58:51,412 - INFO - Inserted exercise data for user 2263ebcf-4f9c-4c76-a128-9e10022fb325 into local DB.
2024-12-10 18:58:51,412 - ERROR - IntegrityError while inserting exercise data: UNIQUE constraint failed: exercise_data.id
2024-12-10 18:58:51,412 - ERROR - Failed to save exercise data locally.
2024-12-10 18:59:43,862 - INFO - Stop requested for ExerciseWorker.
2024-12-10 18:59:45,136 - INFO - Camera 2 initialized with resolution 1280x720.
2024-12-10 18:59:47,883 - INFO - User recognized: Lakshya
2024-12-10 18:59:47,883 - INFO - Local SQLite database setup completed.
2024-12-10 18:59:47,884 - INFO - Starting exercise analysis for user: Lakshya
2024-12-10 19:01:03,499 - INFO - Stop requested for ExerciseWorker.
2024-12-10 19:01:05,758 - INFO - Closed thread-local SQLite connection.
2024-12-10 19:18:07,846 - INFO - Local SQLite database setup completed.
2024-12-10 19:20:57,500 - INFO - Camera 2 initialized with resolution 1280x720.
2024-12-10 19:21:00,490 - INFO - User recognized: Lakshya
2024-12-10 19:21:00,490 - INFO - Local SQLite database setup completed.
2024-12-10 19:21:00,492 - INFO - Starting exercise analysis for user: Lakshya
2024-12-10 19:21:38,551 - INFO - Stop requested for ExerciseWorker.
2024-12-10 19:21:38,770 - INFO - Closed thread-local SQLite connection.
2024-12-10 19:23:39,893 - INFO - Local SQLite database setup completed.
2024-12-10 19:23:43,464 - INFO - Camera 2 initialized with resolution 1280x720.
2024-12-10 19:23:46,657 - INFO - User recognized: Lakshya
2024-12-10 19:23:46,658 - INFO - Local SQLite database setup completed.
2024-12-10 19:23:46,659 - INFO - Starting exercise analysis for user: Lakshya
2024-12-10 19:23:51,983 - INFO - Stop requested for ExerciseWorker.
2024-12-10 19:23:52,230 - INFO - Closed thread-local SQLite connection.
2024-12-10 19:39:08,209 - INFO - Local SQLite database setup completed.
2024-12-10 19:39:25,610 - INFO - Camera 2 initialized with resolution 1280x720.
2024-12-10 19:39:28,561 - INFO - User recognized: Lakshya
2024-12-10 19:39:28,562 - INFO - Local SQLite database setup completed.
2024-12-10 19:39:28,563 - INFO - Starting exercise analysis for user: Lakshya
2024-12-10 19:41:19,287 - INFO - Stop requested for ExerciseWorker.
2024-12-10 19:48:00,251 - ERROR - Could not open camera 2.
2024-12-10 19:48:15,507 - INFO - Stop requested for ExerciseWorker.
2024-12-10 19:48:16,774 - INFO - Camera 2 initialized with resolution 1280x720.
2024-12-10 19:48:19,468 - INFO - User recognized: Lakshya
2024-12-10 19:48:19,469 - INFO - Local SQLite database setup completed.
2024-12-10 19:48:19,469 - INFO - Starting exercise analysis for user: Lakshya
2024-12-10 19:50:20,345 - INFO - Stop requested for ExerciseWorker.
2024-12-10 19:55:55,296 - INFO - Closed thread-local SQLite connection.
2024-12-10 19:56:02,775 - INFO - Local SQLite database setup completed.
2024-12-10 19:56:54,108 - INFO - Camera 2 initialized with resolution 1280x720.
2024-12-10 19:56:56,944 - INFO - User recognized: Lakshya
2024-12-10 19:56:56,944 - INFO - Local SQLite database setup completed.
2024-12-10 19:56:56,947 - INFO - Starting exercise analysis for user: Lakshya
2024-12-10 19:57:02,704 - INFO - Stop requested for ExerciseWorker.
2024-12-10 19:57:02,924 - INFO - Closed thread-local SQLite connection.
2024-12-10 20:00:29,173 - INFO - Local SQLite database setup completed.
2024-12-10 20:00:32,226 - INFO - Camera 2 initialized with resolution 1280x720.
2024-12-10 20:00:34,622 - INFO - User recognized: Lakshya
2024-12-10 20:00:34,622 - INFO - Local SQLite database setup completed.
2024-12-10 20:00:34,622 - INFO - Starting exercise analysis for user: Lakshya
2024-12-10 20:00:40,213 - INFO - Stop requested for ExerciseWorker.
2024-12-10 20:00:41,987 - INFO - Camera 2 initialized with resolution 1280x720.
2024-12-10 20:00:43,554 - INFO - User recognized: Lakshya
2024-12-10 20:00:43,555 - INFO - Local SQLite database setup completed.
2024-12-10 20:00:43,555 - INFO - Starting exercise analysis for user: Lakshya
2024-12-10 20:00:46,833 - INFO - Person exited the frame. Updating database.
2024-12-10 20:00:46,840 - INFO - Inserted exercise data for user 2263ebcf-4f9c-4c76-a128-9e10022fb325 into local DB.
2024-12-10 20:00:46,840 - ERROR - IntegrityError while inserting exercise data: UNIQUE constraint failed: exercise_data.id
2024-12-10 20:00:46,840 - ERROR - Failed to save exercise data locally.
2024-12-10 20:00:46,840 - INFO - Switched back to Face Recognition Mode.
2024-12-10 20:00:49,953 - INFO - User recognized: Lakshya
2024-12-10 20:00:49,954 - INFO - Starting exercise analysis for user: Lakshya
2024-12-10 20:01:57,164 - INFO - Stop requested for ExerciseWorker.
2024-12-10 20:08:12,155 - INFO - Closed thread-local SQLite connection.
2024-12-10 20:09:43,173 - INFO - Local SQLite database setup completed.
2024-12-10 20:09:47,104 - INFO - Camera 2 initialized with resolution 1280x720.
2024-12-10 20:09:49,593 - INFO - User recognized: Lakshya
2024-12-10 20:09:49,594 - INFO - Local SQLite database setup completed.
2024-12-10 20:09:49,595 - INFO - Starting exercise analysis for user: Lakshya
2024-12-10 20:12:02,696 - INFO - Stop requested for ExerciseWorker.
2024-12-10 20:12:12,924 - INFO - Closed thread-local SQLite connection.
2024-12-10 20:16:44,514 - INFO - Local SQLite database setup completed.
2024-12-10 20:16:46,845 - INFO - Camera 2 initialized with resolution 1280x720.
2024-12-10 20:16:48,918 - INFO - User recognized: Lakshya
2024-12-10 20:16:48,919 - INFO - Local SQLite database setup completed.
2024-12-10 20:16:48,919 - INFO - Starting exercise analysis for user: Lakshya
2024-12-10 20:16:56,575 - INFO - Stop requested for ExerciseWorker.
2024-12-10 20:17:06,824 - INFO - Closed thread-local SQLite connection.
2024-12-10 20:17:13,061 - INFO - Local SQLite database setup completed.
2024-12-10 20:17:16,852 - INFO - Camera 2 initialized with resolution 1280x720.
2024-12-10 20:17:19,265 - INFO - User recognized: Lakshya
2024-12-10 20:17:19,265 - INFO - Local SQLite database setup completed.
2024-12-10 20:17:19,267 - INFO - Starting exercise analysis for user: Lakshya
2024-12-10 20:17:31,385 - INFO - Stop requested for ExerciseWorker.
2024-12-10 20:17:31,637 - INFO - Closed thread-local SQLite connection.
2024-12-10 20:30:30,016 - INFO - Local SQLite database setup completed.
2024-12-10 20:30:33,231 - INFO - Camera 2 initialized with resolution 1280x720.
2024-12-10 20:30:35,552 - INFO - User recognized: Lakshya
2024-12-10 20:30:35,552 - INFO - Local SQLite database setup completed.
2024-12-10 20:30:35,553 - INFO - Starting exercise analysis for user: Lakshya
2024-12-10 20:32:49,257 - INFO - Stop requested for ExerciseWorker.
2024-12-10 20:37:57,554 - INFO - Closed thread-local SQLite connection.
2024-12-10 20:38:06,195 - INFO - Local SQLite database setup completed.
2024-12-10 20:38:08,757 - INFO - Camera 2 initialized with resolution 1280x720.
2024-12-10 20:38:10,887 - INFO - User recognized: Lakshya
2024-12-10 20:38:10,888 - INFO - Local SQLite database setup completed.
2024-12-10 20:38:10,889 - INFO - Starting exercise analysis for user: Lakshya
2024-12-10 20:38:40,079 - INFO - Stop requested for ExerciseWorker.
2024-12-10 20:39:54,680 - INFO - Closed thread-local SQLite connection.
2024-12-10 21:36:00,991 - INFO - Local SQLite database setup completed.
2024-12-10 21:36:32,737 - INFO - Closed thread-local SQLite connection.
2024-12-10 21:36:44,754 - INFO - Local SQLite database setup completed.
2024-12-10 23:12:33,366 - INFO - Local SQLite database setup completed.
2024-12-10 23:13:04,063 - INFO - Camera 2 initialized with resolution 1280x720.
2024-12-10 23:13:09,382 - INFO - User recognized: Lakshya
2024-12-10 23:13:09,382 - INFO - Local SQLite database setup completed.
2024-12-10 23:13:09,382 - INFO - Starting exercise analysis for user: Lakshya
2024-12-10 23:13:30,513 - INFO - Stop requested for ExerciseWorker.
2024-12-10 23:13:33,402 - INFO - Closed thread-local SQLite connection.
2024-12-10 23:39:59,042 - INFO - Local SQLite database setup completed.
2024-12-10 23:40:02,078 - INFO - Camera 2 initialized with resolution 1280x720.
2024-12-10 23:40:02,177 - INFO - Camera 0 initialized with resolution 1280x720.
2024-12-10 23:40:24,916 - INFO - User recognized: Lakshya
2024-12-10 23:40:24,917 - INFO - Local SQLite database setup completed.
2024-12-10 23:40:24,917 - INFO - Starting exercise analysis for user: Lakshya
2024-12-10 23:40:25,957 - INFO - User recognized: Lakshya
2024-12-10 23:40:25,958 - INFO - Local SQLite database setup completed.
2024-12-10 23:40:25,964 - INFO - Starting exercise analysis for user: Lakshya
2024-12-10 23:41:32,497 - INFO - Stop requested for ExerciseWorker.
2024-12-10 23:41:32,556 - INFO - Stop requested for ExerciseWorker.
2024-12-10 23:41:32,805 - INFO - Closed thread-local SQLite connection.
2024-12-11 15:27:08,214 - INFO - Local SQLite database setup completed.
2024-12-11 15:27:26,330 - INFO - Camera 2 initialized with resolution 1280x720.
2024-12-11 15:27:44,997 - INFO - User recognized: Lakshya
2024-12-11 15:27:44,998 - INFO - Local SQLite database setup completed.
2024-12-11 15:27:44,998 - INFO - Starting exercise analysis for user: Lakshya
2024-12-11 15:28:42,571 - INFO - Person exited the frame. Updating database.
2024-12-11 15:28:42,578 - INFO - Inserted exercise data for user 2263ebcf-4f9c-4c76-a128-9e10022fb325 into local DB.
2024-12-11 15:28:42,579 - ERROR - IntegrityError while inserting exercise data: UNIQUE constraint failed: exercise_data.id
2024-12-11 15:28:42,579 - ERROR - Failed to save exercise data locally.
2024-12-11 15:28:42,579 - INFO - Switched back to Face Recognition Mode.
2024-12-11 15:29:55,607 - INFO - User recognized: Lakshya
2024-12-11 15:29:55,608 - INFO - Starting exercise analysis for user: Lakshya
2024-12-11 15:30:02,958 - INFO - Person exited the frame. Updating database.
2024-12-11 15:30:02,964 - INFO - Inserted exercise data for user 2263ebcf-4f9c-4c76-a128-9e10022fb325 into local DB.
2024-12-11 15:30:02,964 - ERROR - IntegrityError while inserting exercise data: UNIQUE constraint failed: exercise_data.id
2024-12-11 15:30:02,964 - ERROR - Failed to save exercise data locally.
2024-12-11 15:30:02,964 - INFO - Switched back to Face Recognition Mode.
2024-12-11 15:30:16,533 - INFO - User recognized: Lakshya
2024-12-11 15:30:16,534 - INFO - Starting exercise analysis for user: Lakshya
2024-12-11 15:30:37,959 - INFO - Person exited the frame. Updating database.
2024-12-11 15:30:37,965 - INFO - Inserted exercise data for user 2263ebcf-4f9c-4c76-a128-9e10022fb325 into local DB.
2024-12-11 15:30:37,965 - ERROR - IntegrityError while inserting exercise data: UNIQUE constraint failed: exercise_data.id
2024-12-11 15:30:37,965 - ERROR - Failed to save exercise data locally.
2024-12-11 15:30:37,965 - INFO - Switched back to Face Recognition Mode.
2024-12-11 15:30:52,341 - INFO - Stop requested for ExerciseWorker.
2024-12-11 15:31:20,173 - INFO - Closed thread-local SQLite connection.
2024-12-11 18:39:45,000 - INFO - Local SQLite database setup completed.
2024-12-11 18:40:09,236 - INFO - Camera 2 initialized with resolution 1280x720.
2024-12-11 18:40:14,317 - INFO - User recognized: Lakshya
2024-12-11 18:40:14,318 - INFO - Local SQLite database setup completed.
2024-12-11 18:40:14,318 - INFO - Starting exercise analysis for user: Lakshya
2024-12-11 18:40:28,853 - INFO - Person exited the frame. Updating database.
2024-12-11 18:40:28,860 - INFO - Inserted exercise data for user 2263ebcf-4f9c-4c76-a128-9e10022fb325 into local DB.
2024-12-11 18:40:28,860 - ERROR - IntegrityError while inserting exercise data: UNIQUE constraint failed: exercise_data.id
2024-12-11 18:40:28,860 - ERROR - Failed to save exercise data locally.
2024-12-11 18:40:28,860 - INFO - Switched back to Face Recognition Mode.
2024-12-11 18:40:58,396 - INFO - User recognized: Lakshya
2024-12-11 18:40:58,397 - INFO - Starting exercise analysis for user: Lakshya
2024-12-11 18:41:09,058 - INFO - Person exited the frame. Updating database.
2024-12-11 18:41:09,065 - INFO - Inserted exercise data for user 2263ebcf-4f9c-4c76-a128-9e10022fb325 into local DB.
2024-12-11 18:41:09,065 - ERROR - IntegrityError while inserting exercise data: UNIQUE constraint failed: exercise_data.id
2024-12-11 18:41:09,065 - ERROR - Failed to save exercise data locally.
2024-12-11 18:41:09,065 - INFO - Switched back to Face Recognition Mode.
2024-12-11 18:41:36,300 - INFO - Stable unknown user detected.
2024-12-11 18:41:41,360 - INFO - Started capturing face data for new user: Madhur
2024-12-11 18:41:41,544 - INFO - Inserted member Madhur into local DB.
2024-12-11 18:42:02,975 - INFO - Stop requested for ExerciseWorker.
2024-12-11 18:42:04,567 - ERROR - Could not open camera 2.
2024-12-11 18:42:08,254 - INFO - Stop requested for ExerciseWorker.
2024-12-11 18:42:09,351 - ERROR - Could not open camera 2.
2024-12-11 18:42:17,922 - INFO - Camera 0 initialized with resolution 1280x720.
2024-12-11 18:42:21,069 - INFO - Stop requested for ExerciseWorker.
2024-12-11 18:42:24,515 - INFO - Stop requested for ExerciseWorker.
2024-12-11 18:42:26,554 - INFO - Closed thread-local SQLite connection.
2024-12-11 18:42:35,410 - INFO - Local SQLite database setup completed.
2024-12-11 18:42:41,925 - INFO - Camera 2 initialized with resolution 1280x720.
2024-12-11 18:42:51,711 - INFO - Stable unknown user detected.
2024-12-11 18:42:59,405 - INFO - Started capturing face data for new user: Madhur
2024-12-11 18:42:59,407 - ERROR - IntegrityError while inserting member: UNIQUE constraint failed: members.username
2024-12-11 18:43:15,189 - INFO - Deleted member Madhur from local DB.
2024-12-11 18:43:24,473 - INFO - Stop requested for ExerciseWorker.
2024-12-11 18:43:25,655 - ERROR - Could not open camera 2.
2024-12-11 18:43:30,387 - INFO - Stop requested for ExerciseWorker.
2024-12-11 18:43:30,388 - INFO - Closed thread-local SQLite connection.
2024-12-11 18:44:01,738 - INFO - Local SQLite database setup completed.
2024-12-11 18:44:07,923 - INFO - Camera 2 initialized with resolution 1280x720.
2024-12-11 18:44:33,401 - INFO - User recognized: Lakshya
2024-12-11 18:44:33,401 - INFO - Local SQLite database setup completed.
2024-12-11 18:44:33,402 - INFO - Starting exercise analysis for user: Lakshya
2024-12-11 18:44:37,623 - INFO - Person exited the frame. Updating database.
2024-12-11 18:44:37,630 - INFO - Inserted exercise data for user 2263ebcf-4f9c-4c76-a128-9e10022fb325 into local DB.
2024-12-11 18:44:37,630 - ERROR - IntegrityError while inserting exercise data: UNIQUE constraint failed: exercise_data.id
2024-12-11 18:44:37,630 - ERROR - Failed to save exercise data locally.
2024-12-11 18:44:37,630 - INFO - Switched back to Face Recognition Mode.
2024-12-11 18:44:49,074 - INFO - User recognized: Lakshya
2024-12-11 18:44:49,075 - INFO - Starting exercise analysis for user: Lakshya
2024-12-11 18:45:59,150 - INFO - Person exited the frame. Updating database.
2024-12-11 18:45:59,157 - INFO - Inserted exercise data for user 2263ebcf-4f9c-4c76-a128-9e10022fb325 into local DB.
2024-12-11 18:45:59,157 - ERROR - IntegrityError while inserting exercise data: UNIQUE constraint failed: exercise_data.id
2024-12-11 18:45:59,158 - ERROR - Failed to save exercise data locally.
2024-12-11 18:45:59,158 - INFO - Switched back to Face Recognition Mode.
2024-12-11 18:46:04,131 - INFO - Stop requested for ExerciseWorker.
2024-12-11 18:47:05,890 - INFO - Closed thread-local SQLite connection.
2024-12-11 19:15:04,528 - INFO - Local SQLite database setup completed.
2024-12-11 19:15:37,499 - INFO - Camera 2 initialized.
2024-12-11 19:15:48,739 - INFO - Stable unknown user detected.
2024-12-11 19:15:55,802 - INFO - Started capturing face data for new user: Ayush Sachan
2024-12-11 19:15:55,813 - INFO - Inserted member Ayush Sachan into local DB.
2024-12-11 19:16:27,079 - INFO - Camera 0 initialized.
2024-12-11 19:16:31,406 - INFO - Stop requested for ExerciseWorker.
2024-12-11 19:16:43,590 - ERROR - Could not open camera 2.
2024-12-11 19:17:01,388 - INFO - Stop requested for ExerciseWorker.
2024-12-11 19:17:01,420 - INFO - Stop requested for ExerciseWorker.
2024-12-11 19:17:01,420 - INFO - Closed thread-local SQLite connection.
2024-12-11 19:25:12,695 - INFO - Local SQLite database setup completed.
2024-12-11 19:27:09,385 - INFO - Camera 2 initialized.
2024-12-11 19:27:33,182 - INFO - Stable unknown user detected.
2024-12-11 19:27:40,330 - INFO - Started capturing face data for new user: Ayush
2024-12-11 19:27:40,346 - INFO - Inserted member Ayush into local DB.
2024-12-11 19:28:22,062 - INFO - Stop requested for ExerciseWorker.
2024-12-11 19:28:33,163 - INFO - Closed thread-local SQLite connection.
2024-12-11 19:33:00,745 - INFO - Local SQLite database setup completed.
2024-12-11 19:33:25,145 - INFO - Camera 2 initialized.
2024-12-11 19:33:26,085 - INFO - Camera released.
2024-12-11 19:33:26,086 - ERROR - Failed to capture frame from camera.
2024-12-11 19:33:36,909 - INFO - Stop requested for ExerciseWorker.
2024-12-11 19:33:38,159 - INFO - Camera 2 initialized.
2024-12-11 19:33:39,014 - INFO - Camera released.
2024-12-11 19:33:39,014 - ERROR - Failed to capture frame from camera.
2024-12-11 19:33:48,817 - INFO - Stop requested for ExerciseWorker.
2024-12-11 19:33:50,181 - INFO - Closed thread-local SQLite connection.
2024-12-11 19:34:42,014 - INFO - Local SQLite database setup completed.
2024-12-11 19:34:50,462 - INFO - Camera 2 initialized.
2024-12-11 19:35:18,921 - INFO - Stable unknown user detected.
2024-12-11 19:35:28,773 - INFO - Started capturing face data for new user: Ayush
2024-12-11 19:35:28,773 - ERROR - IntegrityError while inserting member: UNIQUE constraint failed: members.username
2024-12-11 19:38:40,133 - INFO - Stop requested for ExerciseWorker.
2024-12-11 19:38:40,134 - INFO - Closed thread-local SQLite connection.
2024-12-11 19:38:47,919 - INFO - Local SQLite database setup completed.
2024-12-11 19:38:51,021 - INFO - Camera 2 initialized.
2024-12-11 19:38:51,923 - INFO - Camera released.
2024-12-11 19:38:51,924 - ERROR - Failed to capture frame from camera.
2024-12-11 19:38:59,353 - INFO - Stop requested for ExerciseWorker.
2024-12-11 19:39:00,782 - INFO - Closed thread-local SQLite connection.
2024-12-11 19:43:02,608 - INFO - Local SQLite database setup completed.
2024-12-11 19:43:07,182 - INFO - Camera 2 initialized.
2024-12-11 19:43:34,626 - INFO - Stable unknown user detected.
2024-12-11 19:43:39,045 - INFO - Started capturing face data for new user: Ayush
2024-12-11 19:43:39,046 - ERROR - IntegrityError while inserting member: UNIQUE constraint failed: members.username
2024-12-11 19:43:48,168 - INFO - Stop requested for ExerciseWorker.
2024-12-11 19:43:50,487 - INFO - Camera 2 initialized.
2024-12-11 19:43:51,887 - INFO - Stop requested for ExerciseWorker.
2024-12-11 19:43:55,959 - INFO - Camera 2 initialized.
2024-12-11 19:44:20,720 - INFO - Stable unknown user detected.
2024-12-11 19:44:29,118 - INFO - Started capturing face data for new user: Ayush_02
2024-12-11 19:44:29,127 - INFO - Inserted member Ayush_02 into local DB.
2024-12-11 19:44:42,260 - INFO - Registering new user: Ayush_02
2024-12-11 19:44:42,480 - INFO - User Ayush_02 registered successfully.
2024-12-11 19:45:22,143 - INFO - User recognized: Ayush_02
2024-12-11 19:45:22,145 - INFO - Local SQLite database setup completed.
2024-12-11 19:45:22,145 - INFO - Starting exercise analysis for user: Ayush_02
2024-12-11 19:45:57,220 - INFO - Person exited frame. Updating database.
2024-12-11 19:45:57,230 - INFO - Inserted exercise data for user 6b33e4eb-6dbf-4264-a700-fb46e0962661 into local DB.
2024-12-11 19:45:57,230 - ERROR - IntegrityError while inserting exercise data: UNIQUE constraint failed: exercise_data.id
2024-12-11 19:45:57,230 - ERROR - Failed to save exercise data locally.
2024-12-11 19:45:57,230 - INFO - Switched back to Face Recognition Mode.
2024-12-11 19:51:26,236 - INFO - Stop requested for ExerciseWorker.
2024-12-11 19:51:26,282 - INFO - Closed thread-local SQLite connection.
2024-12-11 19:51:35,054 - INFO - Local SQLite database setup completed.
2024-12-11 19:51:40,050 - INFO - Camera 2 initialized.
2024-12-11 19:52:50,463 - INFO - User recognized: Lakshya
2024-12-11 19:52:50,464 - INFO - Local SQLite database setup completed.
2024-12-11 19:52:50,466 - INFO - Starting exercise analysis for user: Lakshya
2024-12-11 19:53:57,589 - INFO - Stop requested for ExerciseWorker.
2024-12-11 19:54:23,334 - INFO - Camera 2 initialized.
2024-12-11 19:54:48,989 - INFO - Stop requested for ExerciseWorker.
2024-12-11 19:54:50,585 - INFO - Closed thread-local SQLite connection.
